2023-06-23 10:14:22,558 - main.py[line:19] - INFO: available device: cuda，count_gpu: 1
2023-06-23 10:16:40,819 - main.py[line:19] - INFO: available device: cuda，count_gpu: 1
2023-06-23 10:16:40,819 - main.py[line:20] - INFO: ====================== Start Data Pre-processing ======================
2023-06-23 10:16:40,820 - main.py[line:24] - INFO: loading labels successful! the size is 104, label is: E_N
,I_STS
,S_TP
,B_TS
,I_S
,B_TP
,I_N
,E_TU
,E_STS
,I_TPP
,E_T
,B_UI
,B_LL
,S_SS
,E_S
,I_Di
,E_P
,E_TP
,B_p
,E_U
,E_D
,B_U
,S_LL
,B_T
,S_N
,B_TU
,S_DS
,S_P
,B_A
,I_U
,B_D
,S_WS
,E_NP
,E_LL
,B_Dr
,S_Dr
,E_i
,B_i
,B_P
,I_TP
,E_E
,E_MI
,I_PMH
,E_UI
,B_EE
,I_TS
,E_EE
,S_
,B_PMH
,I_I
,I_HL
,I_T
,I_A
,S_U
,I_T=MI
,I_E
,I_NP
,E_Di
,B_SS
,S_NP
,I_SS
,B_T=MI
,S_E
,S_I
,I_MH
,B_
,S_MI
,S_S
,S_MH
,I_Dr
,B_MH
,S_TPP
,B_MI
,B_NP
,B_S
,E_HL
,B_STS
,I_LL
,E_T=MI
,I_P
,S_TS
,E_Dr
,S_Di
,E_MH
,B_TPP
,E_TPP
,S_A
,E_I
,B_HL
,S_T
,E_PMH
,E_TS
,E_
,I_UI
,S_HL
,E_SS
,S_TSP
,E_A
,I_MI
,E_p
,B_N
,B_E
,B_Di
,B_I

2023-06-23 10:25:08,440 - main.py[line:19] - INFO: available device: cuda，count_gpu: 1
2023-06-23 10:25:08,440 - main.py[line:20] - INFO: ====================== Start Data Pre-processing ======================
2023-06-23 10:25:08,442 - main.py[line:24] - INFO: loading labels successful! the size is 208, label is: E_N
,
,I_STS
,
,S_TP
,
,B_TS
,
,I_S
,
,B_TP
,
,I_N
,
,E_TU
,
,E_STS
,
,I_TPP
,
,E_T
,
,B_UI
,
,B_LL
,
,S_SS
,
,E_S
,
,I_Di
,
,E_P
,
,E_TP
,
,B_p
,
,E_U
,
,E_D
,
,B_U
,
,S_LL
,
,B_T
,
,S_N
,
,B_TU
,
,S_DS
,
,S_P
,
,B_A
,
,I_U
,
,B_D
,
,S_WS
,
,E_NP
,
,E_LL
,
,B_Dr
,
,S_Dr
,
,E_i
,
,B_i
,
,B_P
,
,I_TP
,
,E_E
,
,E_MI
,
,I_PMH
,
,E_UI
,
,B_EE
,
,I_TS
,
,E_EE
,
,S_
,
,B_PMH
,
,I_I
,
,I_HL
,
,I_T
,
,I_A
,
,S_U
,
,I_T=MI
,
,I_E
,
,I_NP
,
,E_Di
,
,B_SS
,
,S_NP
,
,I_SS
,
,B_T=MI
,
,S_E
,
,S_I
,
,I_MH
,
,B_
,
,S_MI
,
,S_S
,
,S_MH
,
,I_Dr
,
,B_MH
,
,S_TPP
,
,B_MI
,
,B_NP
,
,B_S
,
,E_HL
,
,B_STS
,
,I_LL
,
,E_T=MI
,
,I_P
,
,S_TS
,
,E_Dr
,
,S_Di
,
,E_MH
,
,B_TPP
,
,E_TPP
,
,S_A
,
,E_I
,
,B_HL
,
,S_T
,
,E_PMH
,
,E_TS
,
,E_
,
,I_UI
,
,S_HL
,
,E_SS
,
,S_TSP
,
,E_A
,
,I_MI
,
,E_p
,
,B_N
,
,B_E
,
,B_Di
,
,B_I
,

2023-06-23 10:27:11,611 - main.py[line:19] - INFO: available device: cuda，count_gpu: 1
2023-06-23 10:27:11,611 - main.py[line:20] - INFO: ====================== Start Data Pre-processing ======================
2023-06-23 10:27:11,612 - main.py[line:24] - INFO: loading labels successful! the size is 416, label is: E_N
,
,
,
,I_STS
,
,
,
,S_TP
,
,
,
,B_TS
,
,
,
,I_S
,
,
,
,B_TP
,
,
,
,I_N
,
,
,
,E_TU
,
,
,
,E_STS
,
,
,
,I_TPP
,
,
,
,E_T
,
,
,
,B_UI
,
,
,
,B_LL
,
,
,
,S_SS
,
,
,
,E_S
,
,
,
,I_Di
,
,
,
,E_P
,
,
,
,E_TP
,
,
,
,B_p
,
,
,
,E_U
,
,
,
,E_D
,
,
,
,B_U
,
,
,
,S_LL
,
,
,
,B_T
,
,
,
,S_N
,
,
,
,B_TU
,
,
,
,S_DS
,
,
,
,S_P
,
,
,
,B_A
,
,
,
,I_U
,
,
,
,B_D
,
,
,
,S_WS
,
,
,
,E_NP
,
,
,
,E_LL
,
,
,
,B_Dr
,
,
,
,S_Dr
,
,
,
,E_i
,
,
,
,B_i
,
,
,
,B_P
,
,
,
,I_TP
,
,
,
,E_E
,
,
,
,E_MI
,
,
,
,I_PMH
,
,
,
,E_UI
,
,
,
,B_EE
,
,
,
,I_TS
,
,
,
,E_EE
,
,
,
,S_
,
,
,
,B_PMH
,
,
,
,I_I
,
,
,
,I_HL
,
,
,
,I_T
,
,
,
,I_A
,
,
,
,S_U
,
,
,
,I_T=MI
,
,
,
,I_E
,
,
,
,I_NP
,
,
,
,E_Di
,
,
,
,B_SS
,
,
,
,S_NP
,
,
,
,I_SS
,
,
,
,B_T=MI
,
,
,
,S_E
,
,
,
,S_I
,
,
,
,I_MH
,
,
,
,B_
,
,
,
,S_MI
,
,
,
,S_S
,
,
,
,S_MH
,
,
,
,I_Dr
,
,
,
,B_MH
,
,
,
,S_TPP
,
,
,
,B_MI
,
,
,
,B_NP
,
,
,
,B_S
,
,
,
,E_HL
,
,
,
,B_STS
,
,
,
,I_LL
,
,
,
,E_T=MI
,
,
,
,I_P
,
,
,
,S_TS
,
,
,
,E_Dr
,
,
,
,S_Di
,
,
,
,E_MH
,
,
,
,B_TPP
,
,
,
,E_TPP
,
,
,
,S_A
,
,
,
,E_I
,
,
,
,B_HL
,
,
,
,S_T
,
,
,
,E_PMH
,
,
,
,E_TS
,
,
,
,E_
,
,
,
,I_UI
,
,
,
,S_HL
,
,
,
,E_SS
,
,
,
,S_TSP
,
,
,
,E_A
,
,
,
,I_MI
,
,
,
,E_p
,
,
,
,B_N
,
,
,
,B_E
,
,
,
,B_Di
,
,
,
,B_I
,
,
,

2023-06-23 10:27:11,613 - main.py[line:28] - INFO: loading label2id and id2label dictionary successful!
2023-06-23 10:28:06,843 - main.py[line:19] - INFO: available device: cuda，count_gpu: 1
2023-06-23 10:28:06,843 - main.py[line:20] - INFO: ====================== Start Data Pre-processing ======================
2023-06-23 10:28:07,626 - main.py[line:24] - INFO: loading labels successful! the size is 104, label is: I_PMH,S_DS,B_HL,I_E,S_Dr,S_T,I_SS,S_HL,B_TS,E_TPP,S_TPP,S_N,I_MH,E_D,B_UI,E_Dr,E_A,I_S,B_S,B_TU,B_T=MI,I_N,E_i,S_NP,E_TU,I_U,B_Di,B_,E_LL,B_LL,B_A,B_TPP,B_i,I_MI,S_Di,I_A,S_MI,E_N,S_TSP,S_TS,S_,E_STS,E_MI,E_U,B_D,E_TS,B_NP,S_TP,E_E,S_E,E_Di,S_U,E_T=MI,E_MH,B_T,I_T=MI,E_S,E_TP,S_S,E_HL,S_P,B_SS,B_MI,B_Dr,B_MH,I_I,I_TPP,B_I,E_PMH,E_,S_I,I_Dr,I_P,B_P,I_T,S_WS,S_LL,E_SS,B_STS,B_U,E_I,B_p,B_TP,I_STS,I_TP,B_PMH,B_E,I_TS,S_MH,E_UI,B_N,E_NP,I_NP,E_p,I_UI,E_T,E_EE,S_SS,B_EE,I_LL,I_Di,S_A,I_HL,E_P
2023-06-23 10:29:19,237 - main.py[line:19] - INFO: available device: cuda，count_gpu: 1
2023-06-23 10:29:19,237 - main.py[line:20] - INFO: ====================== Start Data Pre-processing ======================
2023-06-23 10:29:19,238 - main.py[line:24] - INFO: loading labels successful! the size is 104, label is: I_PMH
,S_DS
,B_HL
,I_E
,S_Dr
,S_T
,I_SS
,S_HL
,B_TS
,E_TPP
,S_TPP
,S_N
,I_MH
,E_D
,B_UI
,E_Dr
,E_A
,I_S
,B_S
,B_TU
,B_T=MI
,I_N
,E_i
,S_NP
,E_TU
,I_U
,B_Di
,B_
,E_LL
,B_LL
,B_A
,B_TPP
,B_i
,I_MI
,S_Di
,I_A
,S_MI
,E_N
,S_TSP
,S_TS
,S_
,E_STS
,E_MI
,E_U
,B_D
,E_TS
,B_NP
,S_TP
,E_E
,S_E
,E_Di
,S_U
,E_T=MI
,E_MH
,B_T
,I_T=MI
,E_S
,E_TP
,S_S
,E_HL
,S_P
,B_SS
,B_MI
,B_Dr
,B_MH
,I_I
,I_TPP
,B_I
,E_PMH
,E_
,S_I
,I_Dr
,I_P
,B_P
,I_T
,S_WS
,S_LL
,E_SS
,B_STS
,B_U
,E_I
,B_p
,B_TP
,I_STS
,I_TP
,B_PMH
,B_E
,I_TS
,S_MH
,E_UI
,B_N
,E_NP
,I_NP
,E_p
,I_UI
,E_T
,E_EE
,S_SS
,B_EE
,I_LL
,I_Di
,S_A
,I_HL
,E_P

2023-06-23 10:30:46,790 - main.py[line:19] - INFO: available device: cuda，count_gpu: 1
2023-06-23 10:30:46,790 - main.py[line:20] - INFO: ====================== Start Data Pre-processing ======================
2023-06-23 10:30:46,792 - main.py[line:24] - INFO: loading labels successful! the size is 208, label is: I_PMH
,
,S_DS
,
,B_HL
,
,I_E
,
,S_Dr
,
,S_T
,
,I_SS
,
,S_HL
,
,B_TS
,
,E_TPP
,
,S_TPP
,
,S_N
,
,I_MH
,
,E_D
,
,B_UI
,
,E_Dr
,
,E_A
,
,I_S
,
,B_S
,
,B_TU
,
,B_T=MI
,
,I_N
,
,E_i
,
,S_NP
,
,E_TU
,
,I_U
,
,B_Di
,
,B_
,
,E_LL
,
,B_LL
,
,B_A
,
,B_TPP
,
,B_i
,
,I_MI
,
,S_Di
,
,I_A
,
,S_MI
,
,E_N
,
,S_TSP
,
,S_TS
,
,S_
,
,E_STS
,
,E_MI
,
,E_U
,
,B_D
,
,E_TS
,
,B_NP
,
,S_TP
,
,E_E
,
,S_E
,
,E_Di
,
,S_U
,
,E_T=MI
,
,E_MH
,
,B_T
,
,I_T=MI
,
,E_S
,
,E_TP
,
,S_S
,
,E_HL
,
,S_P
,
,B_SS
,
,B_MI
,
,B_Dr
,
,B_MH
,
,I_I
,
,I_TPP
,
,B_I
,
,E_PMH
,
,E_
,
,S_I
,
,I_Dr
,
,I_P
,
,B_P
,
,I_T
,
,S_WS
,
,S_LL
,
,E_SS
,
,B_STS
,
,B_U
,
,E_I
,
,B_p
,
,B_TP
,
,I_STS
,
,I_TP
,
,B_PMH
,
,B_E
,
,I_TS
,
,S_MH
,
,E_UI
,
,B_N
,
,E_NP
,
,I_NP
,
,E_p
,
,I_UI
,
,E_T
,
,E_EE
,
,S_SS
,
,B_EE
,
,I_LL
,
,I_Di
,
,S_A
,
,I_HL
,
,E_P
,

2023-06-23 10:33:00,000 - main.py[line:19] - INFO: available device: cuda，count_gpu: 1
2023-06-23 10:33:00,000 - main.py[line:20] - INFO: ====================== Start Data Pre-processing ======================
2023-06-23 10:33:00,002 - main.py[line:24] - INFO: loading labels successful! the size is 416, label is: I_PMH
,
,
,
,S_DS
,
,
,
,B_HL
,
,
,
,I_E
,
,
,
,S_Dr
,
,
,
,S_T
,
,
,
,I_SS
,
,
,
,S_HL
,
,
,
,B_TS
,
,
,
,E_TPP
,
,
,
,S_TPP
,
,
,
,S_N
,
,
,
,I_MH
,
,
,
,E_D
,
,
,
,B_UI
,
,
,
,E_Dr
,
,
,
,E_A
,
,
,
,I_S
,
,
,
,B_S
,
,
,
,B_TU
,
,
,
,B_T=MI
,
,
,
,I_N
,
,
,
,E_i
,
,
,
,S_NP
,
,
,
,E_TU
,
,
,
,I_U
,
,
,
,B_Di
,
,
,
,B_
,
,
,
,E_LL
,
,
,
,B_LL
,
,
,
,B_A
,
,
,
,B_TPP
,
,
,
,B_i
,
,
,
,I_MI
,
,
,
,S_Di
,
,
,
,I_A
,
,
,
,S_MI
,
,
,
,E_N
,
,
,
,S_TSP
,
,
,
,S_TS
,
,
,
,S_
,
,
,
,E_STS
,
,
,
,E_MI
,
,
,
,E_U
,
,
,
,B_D
,
,
,
,E_TS
,
,
,
,B_NP
,
,
,
,S_TP
,
,
,
,E_E
,
,
,
,S_E
,
,
,
,E_Di
,
,
,
,S_U
,
,
,
,E_T=MI
,
,
,
,E_MH
,
,
,
,B_T
,
,
,
,I_T=MI
,
,
,
,E_S
,
,
,
,E_TP
,
,
,
,S_S
,
,
,
,E_HL
,
,
,
,S_P
,
,
,
,B_SS
,
,
,
,B_MI
,
,
,
,B_Dr
,
,
,
,B_MH
,
,
,
,I_I
,
,
,
,I_TPP
,
,
,
,B_I
,
,
,
,E_PMH
,
,
,
,E_
,
,
,
,S_I
,
,
,
,I_Dr
,
,
,
,I_P
,
,
,
,B_P
,
,
,
,I_T
,
,
,
,S_WS
,
,
,
,S_LL
,
,
,
,E_SS
,
,
,
,B_STS
,
,
,
,B_U
,
,
,
,E_I
,
,
,
,B_p
,
,
,
,B_TP
,
,
,
,I_STS
,
,
,
,I_TP
,
,
,
,B_PMH
,
,
,
,B_E
,
,
,
,I_TS
,
,
,
,S_MH
,
,
,
,E_UI
,
,
,
,B_N
,
,
,
,E_NP
,
,
,
,I_NP
,
,
,
,E_p
,
,
,
,I_UI
,
,
,
,E_T
,
,
,
,E_EE
,
,
,
,S_SS
,
,
,
,B_EE
,
,
,
,I_LL
,
,
,
,I_Di
,
,
,
,S_A
,
,
,
,I_HL
,
,
,
,E_P
,
,
,

2023-06-23 10:35:56,242 - main.py[line:19] - INFO: available device: cuda，count_gpu: 1
2023-06-23 10:35:56,242 - main.py[line:20] - INFO: ====================== Start Data Pre-processing ======================
2023-06-23 10:35:57,017 - main.py[line:24] - INFO: loading labels successful! the size is 104, label is: I_Di,S_DS,E_A,S_LL,S_TSP,I_N,S_,E_TS,I_A,S_TP,S_MH,S_N,B_Dr,B_UI,I_E,E_Di,I_Dr,B_N,S_E,E_EE,I_MI,S_HL,B_Di,E_NP,E_TU,I_T,E_SS,B_PMH,S_SS,E_p,B_E,S_I,B_NP,E_UI,B_D,B_STS,E_Dr,I_NP,I_HL,B_MI,E_P,I_MH,B_TU,S_WS,B_S,I_I,S_T,E_HL,E_I,I_TS,S_P,B_EE,I_LL,E_TP,E_T,S_S,E_T=MI,E_LL,I_TPP,E_S,B_i,S_U,I_S,E_MI,I_T=MI,E_N,E_i,B_SS,S_Di,I_TP,E_PMH,E_TPP,E_STS,E_U,I_UI,I_STS,I_SS,B_LL,E_D,S_TPP,I_P,B_HL,B_U,B_TPP,S_A,B_p,S_TS,E_MH,S_NP,B_TP,B_T,B_P,B_A,S_Dr,I_U,I_PMH,B_MH,B_,E_E,S_MI,B_T=MI,E_,B_I,B_TS
2023-06-23 10:35:57,018 - main.py[line:28] - INFO: loading label2id and id2label dictionary successful!
2023-06-23 10:36:25,978 - main.py[line:19] - INFO: available device: cuda，count_gpu: 1
2023-06-23 10:36:25,978 - main.py[line:20] - INFO: ====================== Start Data Pre-processing ======================
2023-06-23 10:36:25,979 - main.py[line:24] - INFO: loading labels successful! the size is 104, label is: I_Di
,S_DS
,E_A
,S_LL
,S_TSP
,I_N
,S_
,E_TS
,I_A
,S_TP
,S_MH
,S_N
,B_Dr
,B_UI
,I_E
,E_Di
,I_Dr
,B_N
,S_E
,E_EE
,I_MI
,S_HL
,B_Di
,E_NP
,E_TU
,I_T
,E_SS
,B_PMH
,S_SS
,E_p
,B_E
,S_I
,B_NP
,E_UI
,B_D
,B_STS
,E_Dr
,I_NP
,I_HL
,B_MI
,E_P
,I_MH
,B_TU
,S_WS
,B_S
,I_I
,S_T
,E_HL
,E_I
,I_TS
,S_P
,B_EE
,I_LL
,E_TP
,E_T
,S_S
,E_T=MI
,E_LL
,I_TPP
,E_S
,B_i
,S_U
,I_S
,E_MI
,I_T=MI
,E_N
,E_i
,B_SS
,S_Di
,I_TP
,E_PMH
,E_TPP
,E_STS
,E_U
,I_UI
,I_STS
,I_SS
,B_LL
,E_D
,S_TPP
,I_P
,B_HL
,B_U
,B_TPP
,S_A
,B_p
,S_TS
,E_MH
,S_NP
,B_TP
,B_T
,B_P
,B_A
,S_Dr
,I_U
,I_PMH
,B_MH
,B_
,E_E
,S_MI
,B_T=MI
,E_
,B_I
,B_TS

2023-06-23 10:36:25,980 - main.py[line:28] - INFO: loading label2id and id2label dictionary successful!
2023-06-23 10:37:37,281 - main.py[line:19] - INFO: available device: cuda，count_gpu: 1
2023-06-23 10:37:37,281 - main.py[line:20] - INFO: ====================== Start Data Pre-processing ======================
2023-06-23 10:37:38,050 - main.py[line:24] - INFO: loading labels successful! the size is 104, label is: E_S,S_I,B_MI,I_U,B_P,I_PMH,B_TP,E_STS,B_TU,E_EE,B_EE,B_LL,S_SS,I_E,S_E,B_S,E_Di,S_DS,E_p,B_TPP,B_N,I_MH,S_T,E_T=MI,B_p,B_I,E_TS,E_TP,E_U,E_PMH,I_HL,S_A,I_NP,E_MI,S_Di,B_TS,E_E,I_LL,I_STS,S_LL,S_HL,B_HL,S_U,B_NP,I_TS,S_TSP,S_S,E_TU,I_Dr,I_SS,B_PMH,S_MI,S_TP,E_HL,S_,B_,B_D,B_A,E_D,I_N,E_Dr,I_A,B_Dr,E_SS,E_I,E_MH,S_MH,I_Di,S_TS,B_T,I_TPP,B_UI,E_N,I_UI,B_U,B_MH,S_N,E_P,B_T=MI,S_TPP,I_TP,I_S,B_i,E_A,I_P,S_NP,I_T=MI,E_LL,E_TPP,E_T,I_T,I_I,B_STS,B_E,S_WS,S_Dr,B_SS,E_NP,E_,S_P,E_i,I_MI,E_UI,B_Di
2023-06-23 10:37:38,051 - main.py[line:28] - INFO: loading label2id and id2label dictionary successful!
2023-06-23 10:38:03,937 - main.py[line:19] - INFO: available device: cuda，count_gpu: 1
2023-06-23 10:38:03,938 - main.py[line:20] - INFO: ====================== Start Data Pre-processing ======================
2023-06-23 10:38:03,939 - main.py[line:24] - INFO: loading labels successful! the size is 104, label is: E_S
,S_I
,B_MI
,I_U
,B_P
,I_PMH
,B_TP
,E_STS
,B_TU
,E_EE
,B_EE
,B_LL
,S_SS
,I_E
,S_E
,B_S
,E_Di
,S_DS
,E_p
,B_TPP
,B_N
,I_MH
,S_T
,E_T=MI
,B_p
,B_I
,E_TS
,E_TP
,E_U
,E_PMH
,I_HL
,S_A
,I_NP
,E_MI
,S_Di
,B_TS
,E_E
,I_LL
,I_STS
,S_LL
,S_HL
,B_HL
,S_U
,B_NP
,I_TS
,S_TSP
,S_S
,E_TU
,I_Dr
,I_SS
,B_PMH
,S_MI
,S_TP
,E_HL
,S_
,B_
,B_D
,B_A
,E_D
,I_N
,E_Dr
,I_A
,B_Dr
,E_SS
,E_I
,E_MH
,S_MH
,I_Di
,S_TS
,B_T
,I_TPP
,B_UI
,E_N
,I_UI
,B_U
,B_MH
,S_N
,E_P
,B_T=MI
,S_TPP
,I_TP
,I_S
,B_i
,E_A
,I_P
,S_NP
,I_T=MI
,E_LL
,E_TPP
,E_T
,I_T
,I_I
,B_STS
,B_E
,S_WS
,S_Dr
,B_SS
,E_NP
,E_
,S_P
,E_i
,I_MI
,E_UI
,B_Di

2023-06-23 10:38:03,940 - main.py[line:28] - INFO: loading label2id and id2label dictionary successful!
2023-06-23 10:40:41,874 - main.py[line:19] - INFO: available device: cuda，count_gpu: 1
2023-06-23 10:40:41,874 - main.py[line:20] - INFO: ====================== Start Data Pre-processing ======================
2023-06-23 10:40:41,875 - main.py[line:24] - INFO: loading labels successful! the size is 208, label is: E_S
,
,S_I
,
,B_MI
,
,I_U
,
,B_P
,
,I_PMH
,
,B_TP
,
,E_STS
,
,B_TU
,
,E_EE
,
,B_EE
,
,B_LL
,
,S_SS
,
,I_E
,
,S_E
,
,B_S
,
,E_Di
,
,S_DS
,
,E_p
,
,B_TPP
,
,B_N
,
,I_MH
,
,S_T
,
,E_T=MI
,
,B_p
,
,B_I
,
,E_TS
,
,E_TP
,
,E_U
,
,E_PMH
,
,I_HL
,
,S_A
,
,I_NP
,
,E_MI
,
,S_Di
,
,B_TS
,
,E_E
,
,I_LL
,
,I_STS
,
,S_LL
,
,S_HL
,
,B_HL
,
,S_U
,
,B_NP
,
,I_TS
,
,S_TSP
,
,S_S
,
,E_TU
,
,I_Dr
,
,I_SS
,
,B_PMH
,
,S_MI
,
,S_TP
,
,E_HL
,
,S_
,
,B_
,
,B_D
,
,B_A
,
,E_D
,
,I_N
,
,E_Dr
,
,I_A
,
,B_Dr
,
,E_SS
,
,E_I
,
,E_MH
,
,S_MH
,
,I_Di
,
,S_TS
,
,B_T
,
,I_TPP
,
,B_UI
,
,E_N
,
,I_UI
,
,B_U
,
,B_MH
,
,S_N
,
,E_P
,
,B_T=MI
,
,S_TPP
,
,I_TP
,
,I_S
,
,B_i
,
,E_A
,
,I_P
,
,S_NP
,
,I_T=MI
,
,E_LL
,
,E_TPP
,
,E_T
,
,I_T
,
,I_I
,
,B_STS
,
,B_E
,
,S_WS
,
,S_Dr
,
,B_SS
,
,E_NP
,
,E_
,
,S_P
,
,E_i
,
,I_MI
,
,E_UI
,
,B_Di
,

2023-06-23 10:45:27,860 - main.py[line:19] - INFO: available device: cuda，count_gpu: 1
2023-06-23 10:45:27,860 - main.py[line:20] - INFO: ====================== Start Data Pre-processing ======================
2023-06-23 10:45:28,611 - main.py[line:24] - INFO: loading labels successful! the size is 104, label is: B_T,E_NP,B_UI,I_NP,B_STS,B_D,S_WS,S_LL,I_MH,I_HL,I_TPP,B_U,E_MH,B_,E_,I_S,E_E,S_SS,I_I,I_Di,B_P,S_DS,S_A,B_NP,I_T=MI,S_NP,I_UI,B_HL,S_TSP,I_A,B_TS,I_Dr,B_Dr,E_EE,B_Di,E_Dr,B_TPP,S_P,B_N,E_HL,E_UI,I_N,I_E,S_,B_TU,E_i,S_S,S_N,S_MH,S_TPP,I_STS,E_SS,E_I,E_N,E_S,B_i,I_TS,B_p,E_TP,I_P,I_MI,B_A,I_SS,I_LL,S_MI,B_PMH,B_MI,E_TPP,B_EE,E_U,B_T=MI,E_MI,E_STS,B_S,I_T,B_SS,E_A,S_Dr,E_TU,B_MH,B_I,E_Di,S_I,E_P,E_p,B_LL,B_E,E_TS,I_TP,S_U,E_LL,S_T,S_HL,S_Di,E_D,E_PMH,B_TP,E_T,I_U,I_PMH,S_TP,E_T=MI,S_TS,S_E
2023-06-23 10:45:28,612 - main.py[line:28] - INFO: loading label2id and id2label dictionary successful!
2023-06-23 10:46:52,568 - main.py[line:19] - INFO: available device: cuda，count_gpu: 1
2023-06-23 10:46:52,569 - main.py[line:20] - INFO: ====================== Start Data Pre-processing ======================
2023-06-23 10:46:52,571 - main.py[line:24] - INFO: loading labels successful! the size is 104, label is: B_T
,E_NP
,B_UI
,I_NP
,B_STS
,B_D
,S_WS
,S_LL
,I_MH
,I_HL
,I_TPP
,B_U
,E_MH
,B_
,E_
,I_S
,E_E
,S_SS
,I_I
,I_Di
,B_P
,S_DS
,S_A
,B_NP
,I_T=MI
,S_NP
,I_UI
,B_HL
,S_TSP
,I_A
,B_TS
,I_Dr
,B_Dr
,E_EE
,B_Di
,E_Dr
,B_TPP
,S_P
,B_N
,E_HL
,E_UI
,I_N
,I_E
,S_
,B_TU
,E_i
,S_S
,S_N
,S_MH
,S_TPP
,I_STS
,E_SS
,E_I
,E_N
,E_S
,B_i
,I_TS
,B_p
,E_TP
,I_P
,I_MI
,B_A
,I_SS
,I_LL
,S_MI
,B_PMH
,B_MI
,E_TPP
,B_EE
,E_U
,B_T=MI
,E_MI
,E_STS
,B_S
,I_T
,B_SS
,E_A
,S_Dr
,E_TU
,B_MH
,B_I
,E_Di
,S_I
,E_P
,E_p
,B_LL
,B_E
,E_TS
,I_TP
,S_U
,E_LL
,S_T
,S_HL
,S_Di
,E_D
,E_PMH
,B_TP
,E_T
,I_U
,I_PMH
,S_TP
,E_T=MI
,S_TS
,S_E

2023-06-23 10:47:32,298 - main.py[line:19] - INFO: available device: cuda，count_gpu: 1
2023-06-23 10:47:32,298 - main.py[line:20] - INFO: ====================== Start Data Pre-processing ======================
2023-06-23 10:47:32,300 - main.py[line:24] - INFO: loading labels successful! the size is 208, label is: B_T
,
,E_NP
,
,B_UI
,
,I_NP
,
,B_STS
,
,B_D
,
,S_WS
,
,S_LL
,
,I_MH
,
,I_HL
,
,I_TPP
,
,B_U
,
,E_MH
,
,B_
,
,E_
,
,I_S
,
,E_E
,
,S_SS
,
,I_I
,
,I_Di
,
,B_P
,
,S_DS
,
,S_A
,
,B_NP
,
,I_T=MI
,
,S_NP
,
,I_UI
,
,B_HL
,
,S_TSP
,
,I_A
,
,B_TS
,
,I_Dr
,
,B_Dr
,
,E_EE
,
,B_Di
,
,E_Dr
,
,B_TPP
,
,S_P
,
,B_N
,
,E_HL
,
,E_UI
,
,I_N
,
,I_E
,
,S_
,
,B_TU
,
,E_i
,
,S_S
,
,S_N
,
,S_MH
,
,S_TPP
,
,I_STS
,
,E_SS
,
,E_I
,
,E_N
,
,E_S
,
,B_i
,
,I_TS
,
,B_p
,
,E_TP
,
,I_P
,
,I_MI
,
,B_A
,
,I_SS
,
,I_LL
,
,S_MI
,
,B_PMH
,
,B_MI
,
,E_TPP
,
,B_EE
,
,E_U
,
,B_T=MI
,
,E_MI
,
,E_STS
,
,B_S
,
,I_T
,
,B_SS
,
,E_A
,
,S_Dr
,
,E_TU
,
,B_MH
,
,B_I
,
,E_Di
,
,S_I
,
,E_P
,
,E_p
,
,B_LL
,
,B_E
,
,E_TS
,
,I_TP
,
,S_U
,
,E_LL
,
,S_T
,
,S_HL
,
,S_Di
,
,E_D
,
,E_PMH
,
,B_TP
,
,E_T
,
,I_U
,
,I_PMH
,
,S_TP
,
,E_T=MI
,
,S_TS
,
,S_E
,

2023-06-23 10:47:32,300 - main.py[line:28] - INFO: loading label2id and id2label dictionary successful!
2023-06-23 10:48:15,492 - main.py[line:19] - INFO: available device: cuda，count_gpu: 1
2023-06-23 10:48:15,492 - main.py[line:20] - INFO: ====================== Start Data Pre-processing ======================
2023-06-23 10:48:16,242 - main.py[line:24] - INFO: loading labels successful! the size is 104, label is: B_LL,I_MH,E_MH,S_MI,E_P,B_D,B_TP,I_STS,I_PMH,B_E,B_P,E_NP,I_SS,E_T,I_P,B_U,B_,E_p,S_A,I_UI,E_Di,I_E,B_MI,I_HL,S_,I_N,S_DS,B_TS,I_MI,I_T=MI,E_E,S_TPP,E_LL,B_SS,I_Di,S_WS,E_PMH,I_A,E_I,B_EE,S_N,B_TU,E_U,B_p,B_PMH,S_E,I_TS,E_,E_Dr,E_STS,I_TP,I_U,B_STS,E_TPP,B_TPP,I_I,B_HL,S_TS,S_TSP,S_I,S_SS,S_U,S_S,S_NP,E_A,E_HL,I_TPP,E_S,I_NP,B_I,I_LL,S_LL,S_Di,S_P,B_MH,E_TS,I_Dr,E_EE,E_N,B_Di,B_N,B_S,E_UI,S_TP,E_TP,I_T,B_UI,B_T=MI,E_D,E_T=MI,E_SS,E_TU,S_T,B_Dr,B_A,E_i,B_i,S_Dr,E_MI,B_NP,B_T,S_MH,I_S,S_HL
2023-06-23 10:48:16,243 - main.py[line:28] - INFO: loading label2id and id2label dictionary successful!
2023-06-23 10:51:59,560 - main.py[line:19] - INFO: available device: cuda，count_gpu: 1
2023-06-23 10:51:59,560 - main.py[line:20] - INFO: ====================== Start Data Pre-processing ======================
2023-06-23 10:53:50,939 - main.py[line:19] - INFO: available device: cuda，count_gpu: 1
2023-06-23 10:53:50,939 - main.py[line:20] - INFO: ====================== Start Data Pre-processing ======================
2023-06-23 10:53:51,669 - main.py[line:24] - INFO: loading labels successful! the size is 104, label is: B_S,E_LL,E_MH,E_Dr,B_E,B_T,E_MI,I_T=MI,B_p,E_TS,E_I,I_Dr,E_D,E_UI,S_Di,S_TSP,I_SS,B_PMH,B_SS,I_P,B_MI,I_TP,B_I,E_TP,E_TU,B_STS,B_i,B_TS,I_LL,S_TPP,B_HL,E_N,I_TPP,S_E,E_p,E_U,B_T=MI,B_TU,I_Di,I_E,I_NP,B_Dr,I_S,E_S,E_P,I_MH,E_STS,I_N,I_I,B_A,B_Di,S_DS,B_TP,S_TP,I_A,B_EE,E_EE,S_T,S_SS,S_TS,E_NP,I_HL,E_HL,I_STS,S_I,I_MI,E_SS,S_P,I_TS,S_MH,S_HL,B_N,B_MH,S_LL,S_Dr,E_PMH,E_i,E_T=MI,S_A,S_N,E_A,B_TPP,E_TPP,B_U,S_,B_UI,E_Di,S_MI,E_,I_PMH,B_P,S_WS,S_U,E_E,B_,S_NP,B_NP,B_D,B_LL,I_U,I_T,E_T,S_S,I_UI
2023-06-23 10:53:51,670 - main.py[line:28] - INFO: loading label2id and id2label dictionary successful!
2023-06-23 10:55:10,211 - main.py[line:19] - INFO: available device: cuda，count_gpu: 1
2023-06-23 10:55:10,211 - main.py[line:20] - INFO: ====================== Start Data Pre-processing ======================
2023-06-23 10:55:10,213 - main.py[line:24] - INFO: loading labels successful! the size is 104, label is: S_WS,E_EE,E_D,S_Di,B_TP,E_HL,E_N,E_SS,I_PMH,B_N,S_LL,E_E,S_HL,E_I,B_MH,B_UI,S_U,B_P,S_TP,E_TU,S_,B_D,B_TU,E_UI,B_EE,B_LL,E_S,I_E,S_N,B_HL,I_T=MI,I_T,I_MI,I_HL,E_,E_PMH,S_MH,S_TS,E_STS,I_Di,E_U,B_i,E_MI,S_TPP,S_E,B_NP,E_A,I_P,S_DS,E_TP,S_A,E_TS,S_T,B_p,B_T=MI,E_Di,I_MH,S_MI,E_NP,B_T,I_SS,I_STS,I_U,I_Dr,E_p,E_i,I_LL,I_N,S_SS,B_Dr,I_UI,B_PMH,B_Di,B_,B_MI,E_LL,S_P,E_T,I_A,E_T=MI,I_TP,S_NP,B_A,S_S,I_S,I_TPP,E_Dr,B_S,B_U,S_I,E_P,S_Dr,B_STS,I_TS,B_SS,I_I,I_NP,B_TPP,B_E,B_I,E_MH,E_TPP,B_TS,S_TSP
2023-06-23 10:55:59,150 - main.py[line:19] - INFO: available device: cuda，count_gpu: 1
2023-06-23 10:55:59,150 - main.py[line:20] - INFO: ====================== Start Data Pre-processing ======================
2023-06-23 10:55:59,151 - main.py[line:24] - INFO: loading labels successful! the size is 104, label is: I_MH,E_PMH,E_U,E_i,I_HL,I_T=MI,E_A,B_EE,B_E,S_E,B_A,I_TS,S_I,S_LL,B_LL,I_Dr,E_UI,B_p,B_PMH,E_P,B_D,E_MH,E_TPP,S_P,B_TPP,S_TS,S_S,B_T,E_TS,S_Dr,S_TPP,I_MI,B_SS,I_NP,B_TU,S_Di,I_TP,I_UI,B_MH,I_A,I_E,S_,I_I,S_DS,I_P,E_N,E_,S_MI,B_MI,E_HL,B_T=MI,E_TP,S_SS,S_U,B_HL,E_Dr,S_TP,I_S,S_N,E_E,E_T=MI,I_Di,I_TPP,E_MI,E_T,S_TSP,E_NP,E_EE,B_P,B_I,B_TP,I_LL,I_N,E_I,E_SS,B_,B_TS,B_N,E_STS,I_U,I_T,I_PMH,E_S,S_A,S_T,E_p,E_Di,I_SS,B_NP,S_WS,B_U,S_MH,B_STS,E_LL,E_D,I_STS,B_i,S_HL,B_S,B_Di,B_UI,E_TU,S_NP,B_Dr
2023-06-23 10:56:56,437 - main.py[line:19] - INFO: available device: cuda，count_gpu: 1
2023-06-23 10:56:56,437 - main.py[line:20] - INFO: ====================== Start Data Pre-processing ======================
2023-06-23 10:56:57,170 - main.py[line:24] - INFO: loading labels successful! the size is 104, label is: B_T=MI,E_HL,S_MH,E_p,I_UI,I_Di,B_S,S_E,B_P,E_TPP,I_I,E_D,E_U,I_P,B_TP,B_UI,I_Dr,B_i,E_UI,B_U,S_NP,E_P,S_TP,B_TPP,S_S,E_N,E_S,S_TSP,B_NP,E_NP,I_MI,S_P,S_Di,E_T,E_PMH,I_TS,E_TU,E_MH,I_E,B_Di,B_STS,S_DS,I_PMH,E_TS,B_PMH,S_N,S_I,S_SS,S_U,I_T=MI,S_HL,E_Di,I_MH,I_NP,S_T,B_N,S_TPP,I_T,E_SS,B_D,B_LL,B_TU,B_T,B_TS,S_A,E_i,E_EE,E_E,I_A,I_S,E_TP,S_MI,I_SS,B_MI,B_p,I_N,E_STS,S_LL,B_EE,E_MI,E_Dr,E_T=MI,I_TPP,B_HL,I_HL,B_I,S_WS,E_I,B_A,E_A,S_,E_,B_Dr,B_,B_E,S_Dr,I_U,I_LL,E_LL,B_SS,B_MH,I_STS,I_TP,S_TS
2023-06-23 10:56:57,171 - main.py[line:28] - INFO: loading label2id and id2label dictionary successful!
2023-06-23 10:57:09,642 - main.py[line:19] - INFO: available device: cuda，count_gpu: 1
2023-06-23 10:57:09,642 - main.py[line:20] - INFO: ====================== Start Data Pre-processing ======================
2023-06-23 10:57:09,644 - main.py[line:24] - INFO: loading labels successful! the size is 104, label is: E_LL,I_TP,S_TSP,E_STS,S_U,I_T=MI,S_MH,S_I,B_EE,S_,B_LL,E_MH,E_i,S_E,E_N,B_P,I_MI,B_S,I_S,I_UI,E_Di,B_T=MI,B_SS,I_Di,S_TP,I_TS,B_MI,E_PMH,E_SS,B_STS,S_DS,I_NP,B_MH,B_E,B_D,I_LL,I_PMH,B_TS,E_I,I_P,E_TPP,I_E,B_Di,B_Dr,I_TPP,B_TP,E_P,S_S,E_MI,S_HL,I_T,S_MI,S_A,B_UI,E_E,S_SS,I_HL,E_T,S_Dr,B_T,I_N,E_EE,E_D,B_TU,E_TU,B_p,E_Dr,E_TP,I_STS,B_U,I_A,E_HL,E_p,E_TS,E_,B_TPP,S_TS,B_N,E_U,E_UI,E_A,S_P,S_TPP,B_i,I_I,B_NP,S_WS,I_SS,B_HL,I_Dr,S_NP,S_N,E_T=MI,E_S,S_Di,I_MH,S_T,B_I,I_U,B_A,B_,B_PMH,E_NP,S_LL
2023-06-23 10:57:09,644 - main.py[line:28] - INFO: loading label2id and id2label dictionary successful!
